2019-Mar-21 11:11:36.988 INFO	core	Dwarf Therapist "41.0.3" starting normally. [E:\projects\Dwarf-Therapist\src\dwarftherapist.cpp:181] (DwarfTherapist::setup_logging)
2019-Mar-21 11:11:36.988 INFO	core	Runtime QT Version 5.6.3 [E:\projects\Dwarf-Therapist\src\dwarftherapist.cpp:182] (DwarfTherapist::setup_logging)
2019-Mar-21 11:11:37.160 INFO	core	beginning to read settings [E:\projects\Dwarf-Therapist\src\dwarftherapist.cpp:208] (DwarfTherapist::read_settings)
2019-Mar-21 11:11:37.168 INFO	core	finished reading settings [E:\projects\Dwarf-Therapist\src\dwarftherapist.cpp:259] (DwarfTherapist::read_settings)
2019-Mar-21 11:11:37.219 INFO	core	attempting connection to running DF game [E:\projects\Dwarf-Therapist\src\mainwindow.cpp:425] (MainWindow::connect_to_df)
2019-Mar-21 11:11:37.220 INFO	core	opening layout "E:/Dwarf-Fortress/LNP/Utilities/Dwarf Therapist/data/memory_layouts/windows/v0.42.06_graphics_win.ini" [E:\projects\Dwarf-Therapist\src\dfinstance.cpp:108] (DFInstance::DFInstance)
2019-Mar-21 11:11:37.221 INFO	core	adding valid layout "v0.42.06 (graphics) win" checksum: "0x56bba192" SHA: "628861c710ccb7a6ab95013c3e94e5bea52c7cbf" [E:\projects\Dwarf-Therapist\src\dfinstance.cpp:115] (DFInstance::DFInstance)
2019-Mar-21 11:11:37.221 INFO	core	opening layout "E:/Dwarf-Fortress/LNP/Utilities/Dwarf Therapist/data/memory_layouts/windows/v0.43.01_graphics_win.ini" [E:\projects\Dwarf-Therapist\src\dfinstance.cpp:108] (DFInstance::DFInstance)
2019-Mar-21 11:11:37.222 INFO	core	adding valid layout "v0.43.01 (graphics) win" checksum: "0x5731022d" SHA: "229ec5133112b39cca27745ce20c124458bccd14" [E:\projects\Dwarf-Therapist\src\dfinstance.cpp:115] (DFInstance::DFInstance)
2019-Mar-21 11:11:37.222 INFO	core	opening layout "E:/Dwarf-Fortress/LNP/Utilities/Dwarf Therapist/data/memory_layouts/windows/v0.43.02_graphics_win.ini" [E:\projects\Dwarf-Therapist\src\dfinstance.cpp:108] (DFInstance::DFInstance)
2019-Mar-21 11:11:37.223 INFO	core	adding valid layout "v0.43.02 (graphics) win" checksum: "0x5733848a" SHA: "19ceb90951b04649675a54d3e3680d4ad4f40e33" [E:\projects\Dwarf-Therapist\src\dfinstance.cpp:115] (DFInstance::DFInstance)
2019-Mar-21 11:11:37.223 INFO	core	opening layout "E:/Dwarf-Fortress/LNP/Utilities/Dwarf Therapist/data/memory_layouts/windows/v0.43.03_graphics_win.ini" [E:\projects\Dwarf-Therapist\src\dfinstance.cpp:108] (DFInstance::DFInstance)
2019-Mar-21 11:11:37.223 INFO	core	adding valid layout "v0.43.03 (graphics) win" checksum: "0x57420c94" SHA: "161b722899a7ec40bc27c8ac72954afd08045eff" [E:\projects\Dwarf-Therapist\src\dfinstance.cpp:115] (DFInstance::DFInstance)
2019-Mar-21 11:11:37.223 INFO	core	opening layout "E:/Dwarf-Fortress/LNP/Utilities/Dwarf Therapist/data/memory_layouts/windows/v0.43.05_graphics_win32.ini" [E:\projects\Dwarf-Therapist\src\dfinstance.cpp:108] (DFInstance::DFInstance)
2019-Mar-21 11:11:37.224 INFO	core	adding valid layout "v0.43.05 (graphics) win32" checksum: "0x577b57ff" SHA: "18b621b8c9218bcbe6910a5941ee9e32fb2deefd" [E:\projects\Dwarf-Therapist\src\dfinstance.cpp:115] (DFInstance::DFInstance)
2019-Mar-21 11:11:37.224 INFO	core	opening layout "E:/Dwarf-Fortress/LNP/Utilities/Dwarf Therapist/data/memory_layouts/windows/v0.43.05_graphics_win64.ini" [E:\projects\Dwarf-Therapist\src\dfinstance.cpp:108] (DFInstance::DFInstance)
2019-Mar-21 11:11:37.225 INFO	core	adding valid layout "v0.43.05 (graphics) win64" checksum: "0x577b5e93" SHA: "f3cca64a8ad2506fc7f971547ea05dbe07697501" [E:\projects\Dwarf-Therapist\src\dfinstance.cpp:115] (DFInstance::DFInstance)
2019-Mar-21 11:11:37.225 INFO	core	opening layout "E:/Dwarf-Fortress/LNP/Utilities/Dwarf Therapist/data/memory_layouts/windows/v0.44.02_graphics_win32.ini" [E:\projects\Dwarf-Therapist\src\dfinstance.cpp:108] (DFInstance::DFInstance)
2019-Mar-21 11:11:37.226 INFO	core	adding valid layout "v0.44.02 (graphics) win32" checksum: "0x5a175fbd" SHA: "f3641ba30bcbc091c847aa257abe9f3b33757f7b" [E:\projects\Dwarf-Therapist\src\dfinstance.cpp:115] (DFInstance::DFInstance)
2019-Mar-21 11:11:37.226 INFO	core	opening layout "E:/Dwarf-Fortress/LNP/Utilities/Dwarf Therapist/data/memory_layouts/windows/v0.44.02_graphics_win64.ini" [E:\projects\Dwarf-Therapist\src\dfinstance.cpp:108] (DFInstance::DFInstance)
2019-Mar-21 11:11:37.227 INFO	core	adding valid layout "v0.44.02 (graphics) win64" checksum: "0x5a176770" SHA: "a81ef2c49d0356fc75651c1d40304612c5fb43c9" [E:\projects\Dwarf-Therapist\src\dfinstance.cpp:115] (DFInstance::DFInstance)
2019-Mar-21 11:11:37.227 INFO	core	opening layout "E:/Dwarf-Fortress/LNP/Utilities/Dwarf Therapist/data/memory_layouts/windows/v0.44.03_graphics_win32.ini" [E:\projects\Dwarf-Therapist\src\dfinstance.cpp:108] (DFInstance::DFInstance)
2019-Mar-21 11:11:37.228 INFO	core	adding valid layout "v0.44.03 (graphics) win32" checksum: "0x5a40bfbf" SHA: "bc5c3a79664ee9cc8612a0e26ad5351596578ae3" [E:\projects\Dwarf-Therapist\src\dfinstance.cpp:115] (DFInstance::DFInstance)
2019-Mar-21 11:11:37.228 INFO	core	opening layout "E:/Dwarf-Fortress/LNP/Utilities/Dwarf Therapist/data/memory_layouts/windows/v0.44.03_graphics_win64.ini" [E:\projects\Dwarf-Therapist\src\dfinstance.cpp:108] (DFInstance::DFInstance)
2019-Mar-21 11:11:37.229 INFO	core	adding valid layout "v0.44.03 (graphics) win64" checksum: "0x5a40c6db" SHA: "3270825ae8ef2f1cc5a1379022e029a09811dd04" [E:\projects\Dwarf-Therapist\src\dfinstance.cpp:115] (DFInstance::DFInstance)
2019-Mar-21 11:11:37.229 INFO	core	opening layout "E:/Dwarf-Fortress/LNP/Utilities/Dwarf Therapist/data/memory_layouts/windows/v0.44.04_graphics_win32.ini" [E:\projects\Dwarf-Therapist\src\dfinstance.cpp:108] (DFInstance::DFInstance)
2019-Mar-21 11:11:37.229 INFO	core	adding valid layout "v0.44.04 (graphics) win32" checksum: "0x5a5687e6" SHA: "892f67cb7276e443c6035bcb1c14edb318ae4653" [E:\projects\Dwarf-Therapist\src\dfinstance.cpp:115] (DFInstance::DFInstance)
2019-Mar-21 11:11:37.229 INFO	core	opening layout "E:/Dwarf-Fortress/LNP/Utilities/Dwarf Therapist/data/memory_layouts/windows/v0.44.04_graphics_win64.ini" [E:\projects\Dwarf-Therapist\src\dfinstance.cpp:108] (DFInstance::DFInstance)
2019-Mar-21 11:11:37.231 INFO	core	adding valid layout "v0.44.04 (graphics) win64" checksum: "0x5a568f07" SHA: "50fe180a72c1b93c24d9e1405f67778498789627" [E:\projects\Dwarf-Therapist\src\dfinstance.cpp:115] (DFInstance::DFInstance)
2019-Mar-21 11:11:37.231 INFO	core	opening layout "E:/Dwarf-Fortress/LNP/Utilities/Dwarf Therapist/data/memory_layouts/windows/v0.44.05_graphics_win32.ini" [E:\projects\Dwarf-Therapist\src\dfinstance.cpp:108] (DFInstance::DFInstance)
2019-Mar-21 11:11:37.231 INFO	core	adding valid layout "v0.44.05 (graphics) win32" checksum: "0x5a5bb383" SHA: "ac6505c53fc7654f3c13864d63883859dbbd98e2" [E:\projects\Dwarf-Therapist\src\dfinstance.cpp:115] (DFInstance::DFInstance)
2019-Mar-21 11:11:37.231 INFO	core	opening layout "E:/Dwarf-Fortress/LNP/Utilities/Dwarf Therapist/data/memory_layouts/windows/v0.44.05_graphics_win64.ini" [E:\projects\Dwarf-Therapist\src\dfinstance.cpp:108] (DFInstance::DFInstance)
2019-Mar-21 11:11:37.232 INFO	core	adding valid layout "v0.44.05 (graphics) win64" checksum: "0x5a5bbc62" SHA: "04b601be3d5eaa7a7d9be63b8af5ad0ae128f7fb" [E:\projects\Dwarf-Therapist\src\dfinstance.cpp:115] (DFInstance::DFInstance)
2019-Mar-21 11:11:37.232 INFO	core	opening layout "E:/Dwarf-Fortress/LNP/Utilities/Dwarf Therapist/data/memory_layouts/windows/v0.44.06_graphics_win32.ini" [E:\projects\Dwarf-Therapist\src\dfinstance.cpp:108] (DFInstance::DFInstance)
2019-Mar-21 11:11:37.233 INFO	core	adding valid layout "v0.44.06 (graphics) win32" checksum: "0x5aa2ef43" SHA: "cb5e0b3f8f151969e33c918d07dda795a82e3be2" [E:\projects\Dwarf-Therapist\src\dfinstance.cpp:115] (DFInstance::DFInstance)
2019-Mar-21 11:11:37.233 INFO	core	opening layout "E:/Dwarf-Fortress/LNP/Utilities/Dwarf Therapist/data/memory_layouts/windows/v0.44.06_graphics_win64.ini" [E:\projects\Dwarf-Therapist\src\dfinstance.cpp:108] (DFInstance::DFInstance)
2019-Mar-21 11:11:37.234 INFO	core	adding valid layout "v0.44.06 (graphics) win64" checksum: "0x5aa2f81a" SHA: "04524e72898b267382a888a53a4f3e856d28a0e0" [E:\projects\Dwarf-Therapist\src\dfinstance.cpp:115] (DFInstance::DFInstance)
2019-Mar-21 11:11:37.234 INFO	core	opening layout "E:/Dwarf-Fortress/LNP/Utilities/Dwarf Therapist/data/memory_layouts/windows/v0.44.07_graphics_win32.ini" [E:\projects\Dwarf-Therapist\src\dfinstance.cpp:108] (DFInstance::DFInstance)
2019-Mar-21 11:11:37.235 INFO	core	adding valid layout "v0.44.07 (graphics) win32" checksum: "0x5aa6e660" SHA: "16182163cc2d60b08b138279682446f807c2fa9d" [E:\projects\Dwarf-Therapist\src\dfinstance.cpp:115] (DFInstance::DFInstance)
2019-Mar-21 11:11:37.235 INFO	core	opening layout "E:/Dwarf-Fortress/LNP/Utilities/Dwarf Therapist/data/memory_layouts/windows/v0.44.07_graphics_win64.ini" [E:\projects\Dwarf-Therapist\src\dfinstance.cpp:108] (DFInstance::DFInstance)
2019-Mar-21 11:11:37.235 INFO	core	adding valid layout "v0.44.07 (graphics) win64" checksum: "0x5aa6ed50" SHA: "613ac0fb13f621215a078dc8e4a0e678a85cc599" [E:\projects\Dwarf-Therapist\src\dfinstance.cpp:115] (DFInstance::DFInstance)
2019-Mar-21 11:11:37.235 INFO	core	opening layout "E:/Dwarf-Fortress/LNP/Utilities/Dwarf Therapist/data/memory_layouts/windows/v0.44.08_graphics_win32.ini" [E:\projects\Dwarf-Therapist\src\dfinstance.cpp:108] (DFInstance::DFInstance)
2019-Mar-21 11:11:37.236 INFO	core	adding valid layout "v0.44.08 (graphics) win32" checksum: "0x5abc6b3c" SHA: "733b58b0cb56b22f74befc9617f10a171ba41f4d" [E:\projects\Dwarf-Therapist\src\dfinstance.cpp:115] (DFInstance::DFInstance)
2019-Mar-21 11:11:37.236 INFO	core	opening layout "E:/Dwarf-Fortress/LNP/Utilities/Dwarf Therapist/data/memory_layouts/windows/v0.44.08_graphics_win64.ini" [E:\projects\Dwarf-Therapist\src\dfinstance.cpp:108] (DFInstance::DFInstance)
2019-Mar-21 11:11:37.237 INFO	core	adding valid layout "v0.44.08 (graphics) win64" checksum: "0x5abc72b1" SHA: "f8d7f58c1f6021a98e2b9e1cb89631ddc8f89b66" [E:\projects\Dwarf-Therapist\src\dfinstance.cpp:115] (DFInstance::DFInstance)
2019-Mar-21 11:11:37.237 INFO	core	opening layout "E:/Dwarf-Fortress/LNP/Utilities/Dwarf Therapist/data/memory_layouts/windows/v0.44.09_graphics_win32.ini" [E:\projects\Dwarf-Therapist\src\dfinstance.cpp:108] (DFInstance::DFInstance)
2019-Mar-21 11:11:37.238 INFO	core	adding valid layout "v0.44.09 (graphics) win32" checksum: "0x5ac04796" SHA: "5277ce30a7a3bef02b4f1fd59f30b77ec5985d70" [E:\projects\Dwarf-Therapist\src\dfinstance.cpp:115] (DFInstance::DFInstance)
2019-Mar-21 11:11:37.238 INFO	core	opening layout "E:/Dwarf-Fortress/LNP/Utilities/Dwarf Therapist/data/memory_layouts/windows/v0.44.09_graphics_win64.ini" [E:\projects\Dwarf-Therapist\src\dfinstance.cpp:108] (DFInstance::DFInstance)
2019-Mar-21 11:11:37.239 INFO	core	adding valid layout "v0.44.09 (graphics) win64" checksum: "0x5ac04f66" SHA: "595186620002ed808a195b19d875638ede674665" [E:\projects\Dwarf-Therapist\src\dfinstance.cpp:115] (DFInstance::DFInstance)
2019-Mar-21 11:11:37.239 INFO	core	opening layout "E:/Dwarf-Fortress/LNP/Utilities/Dwarf Therapist/data/memory_layouts/windows/v0.44.10_graphics_win32.ini" [E:\projects\Dwarf-Therapist\src\dfinstance.cpp:108] (DFInstance::DFInstance)
2019-Mar-21 11:11:37.239 INFO	core	adding valid layout "v0.44.10 (graphics) win32" checksum: "0x5aed2eb3" SHA: "ebda9f9bc4ed7f1b443cc22ef54ac9e3c32e4ae8" [E:\projects\Dwarf-Therapist\src\dfinstance.cpp:115] (DFInstance::DFInstance)
2019-Mar-21 11:11:37.239 INFO	core	opening layout "E:/Dwarf-Fortress/LNP/Utilities/Dwarf Therapist/data/memory_layouts/windows/v0.44.10_graphics_win64.ini" [E:\projects\Dwarf-Therapist\src\dfinstance.cpp:108] (DFInstance::DFInstance)
2019-Mar-21 11:11:37.240 INFO	core	adding valid layout "v0.44.10 (graphics) win64" checksum: "0x5aed3a4d" SHA: "a75499e6cb0ee4fd4fff46ee93aa289119b3694f" [E:\projects\Dwarf-Therapist\src\dfinstance.cpp:115] (DFInstance::DFInstance)
2019-Mar-21 11:11:37.240 INFO	core	opening layout "E:/Dwarf-Fortress/LNP/Utilities/Dwarf Therapist/data/memory_layouts/windows/v0.44.11_graphics_win32.ini" [E:\projects\Dwarf-Therapist\src\dfinstance.cpp:108] (DFInstance::DFInstance)
2019-Mar-21 11:11:37.241 INFO	core	adding valid layout "v0.44.11 (graphics) win32" checksum: "0x5b2df1f2" SHA: "7478c94a77e220e944de4b41ae5d6d03376ffae8" [E:\projects\Dwarf-Therapist\src\dfinstance.cpp:115] (DFInstance::DFInstance)
2019-Mar-21 11:11:37.241 INFO	core	opening layout "E:/Dwarf-Fortress/LNP/Utilities/Dwarf Therapist/data/memory_layouts/windows/v0.44.11_graphics_win64.ini" [E:\projects\Dwarf-Therapist\src\dfinstance.cpp:108] (DFInstance::DFInstance)
2019-Mar-21 11:11:37.242 INFO	core	adding valid layout "v0.44.11 (graphics) win64" checksum: "0x5b2df937" SHA: "cc1673c0f1d53bead9a3051e1b5b57dd5dad4bef" [E:\projects\Dwarf-Therapist\src\dfinstance.cpp:115] (DFInstance::DFInstance)
2019-Mar-21 11:11:37.242 INFO	core	opening layout "E:/Dwarf-Fortress/LNP/Utilities/Dwarf Therapist/data/memory_layouts/windows/v0.44.12_graphics_win32.ini" [E:\projects\Dwarf-Therapist\src\dfinstance.cpp:108] (DFInstance::DFInstance)
2019-Mar-21 11:11:37.243 INFO	core	adding valid layout "v0.44.12 (graphics) win32" checksum: "0x5b41189f" SHA: "a8fb97fdbb1ed91106b2389a1fff082b72413212" [E:\projects\Dwarf-Therapist\src\dfinstance.cpp:115] (DFInstance::DFInstance)
2019-Mar-21 11:11:37.243 INFO	core	opening layout "E:/Dwarf-Fortress/LNP/Utilities/Dwarf Therapist/data/memory_layouts/windows/v0.44.12_graphics_win64.ini" [E:\projects\Dwarf-Therapist\src\dfinstance.cpp:108] (DFInstance::DFInstance)
2019-Mar-21 11:11:37.243 INFO	core	adding valid layout "v0.44.12 (graphics) win64" checksum: "0x5b41215d" SHA: "8d4096b37c159bdbb4572d5f6700c3d01f9a5c68" [E:\projects\Dwarf-Therapist\src\dfinstance.cpp:115] (DFInstance::DFInstance)
2019-Mar-21 11:11:37.243 INFO	core	attempting to find running copy of DF [E:\projects\Dwarf-Therapist\src\dfinstancewindows.cpp:236] (DFInstanceWindows::find_running_copy)
2019-Mar-21 11:11:37.248 INFO	core	PID of process is:  7640 [E:\projects\Dwarf-Therapist\src\dfinstancewindows.cpp:242] (DFInstanceWindows::find_running_copy)
2019-Mar-21 11:11:37.248 INFO	core	PROC HANDLE: 0x45c [E:\projects\Dwarf-Therapist\src\dfinstancewindows.cpp:252] (DFInstanceWindows::find_running_copy)
2019-Mar-21 11:11:37.249 INFO	core	RAW BASE ADDRESS: 140696836112384 [E:\projects\Dwarf-Therapist\src\dfinstancewindows.cpp:283] (DFInstanceWindows::find_running_copy)
2019-Mar-21 11:11:37.249 INFO	core	Target EXE was compiled at  "2018-07-07T14:23:57" [E:\projects\Dwarf-Therapist\src\dfinstancewindows.cpp:78] (DFInstanceWindows::calculate_checksum)
2019-Mar-21 11:11:37.249 INFO	core	Setting memory layout for DF checksum "0x5b41215d" [E:\projects\Dwarf-Therapist\src\dfinstance.cpp:1124] (DFInstance::set_memory_layout)
2019-Mar-21 11:11:37.249 INFO	core	Detected Dwarf Fortress version "v0.44.12 (graphics) win64" using MemoryLayout from "E:/Dwarf-Fortress/LNP/Utilities/Dwarf Therapist/data/memory_layouts/windows/v0.44.12_graphics_win64.ini" [E:\projects\Dwarf-Therapist\src\dfinstance.cpp:1129] (DFInstance::set_memory_layout)
2019-Mar-21 11:11:37.249 INFO	core	GetModuleFileNameEx returned:  "E:\\Dwarf-Fortress\\Dwarf Fortress 0.44.12\\Dwarf Fortress.exe" [E:\projects\Dwarf-Therapist\src\dfinstancewindows.cpp:316] (DFInstanceWindows::find_running_copy)
2019-Mar-21 11:11:37.249 INFO	core	Dwarf Fortress path: "E:/Dwarf-Fortress/Dwarf Fortress 0.44.12" [E:\projects\Dwarf-Therapist\src\dfinstancewindows.cpp:319] (DFInstanceWindows::find_running_copy)
2019-Mar-21 11:11:37.249 INFO	core	Checking for layout for checksum:  "0x5b41215d" [E:\projects\Dwarf-Therapist\src\updater.cpp:134] (Updater::check_layouts)
2019-Mar-21 11:11:37.345 INFO	core	Setting memory layout for DF checksum "0x5b41215d" [E:\projects\Dwarf-Therapist\src\dfinstance.cpp:1124] (DFInstance::set_memory_layout)
2019-Mar-21 11:11:37.345 INFO	core	Detected Dwarf Fortress version "v0.44.12 (graphics) win64" using MemoryLayout from "E:/Dwarf-Fortress/LNP/Utilities/Dwarf Therapist/data/memory_layouts/windows/v0.44.12_graphics_win64.ini" [E:\projects\Dwarf-Therapist\src\dfinstance.cpp:1129] (DFInstance::set_memory_layout)
2019-Mar-21 11:11:37.345 INFO	core	Connection to DF version "v0.44.12 (graphics) win64" established. [E:\projects\Dwarf-Therapist\src\mainwindow.cpp:450] (MainWindow::connect_to_df)
2019-Mar-21 11:11:37.762 INFO	core	Loading built-in default gridviews [E:\projects\Dwarf-Therapist\src\viewmanager.cpp:135] (ViewManager::reload_views)
2019-Mar-21 11:11:37.771 INFO	core	Loaded 13 views from disk [E:\projects\Dwarf-Therapist\src\viewmanager.cpp:175] (ViewManager::reload_views)
2019-Mar-21 11:11:37.773 INFO	core	group_by now set to 0  for view  "Labors Full" [E:\projects\Dwarf-Therapist\src\dwarfmodel.cpp:791] (DwarfModel::set_group_by)
2019-Mar-21 11:11:37.775 INFO	core	group_by now set to 0  for view  "Military" [E:\projects\Dwarf-Therapist\src\dwarfmodel.cpp:791] (DwarfModel::set_group_by)
2019-Mar-21 11:11:37.777 INFO	core	group_by now set to 0  for view  "Other Skills" [E:\projects\Dwarf-Therapist\src\dwarfmodel.cpp:791] (DwarfModel::set_group_by)
2019-Mar-21 11:11:37.779 INFO	core	group_by now set to 0  for view  "Attributes" [E:\projects\Dwarf-Therapist\src\dwarfmodel.cpp:791] (DwarfModel::set_group_by)
2019-Mar-21 11:11:37.781 INFO	core	group_by now set to 0  for view  "Roles" [E:\projects\Dwarf-Therapist\src\dwarfmodel.cpp:791] (DwarfModel::set_group_by)
2019-Mar-21 11:11:37.783 INFO	core	group_by now set to 0  for view  "Animals" [E:\projects\Dwarf-Therapist\src\dwarfmodel.cpp:791] (DwarfModel::set_group_by)
2019-Mar-21 11:11:37.783 INFO	core	group_by now set to 0  for view  "Labors Full" [E:\projects\Dwarf-Therapist\src\dwarfmodel.cpp:791] (DwarfModel::set_group_by)
2019-Mar-21 11:11:37.783 INFO	core	"redrew views in 11ms" [E:\projects\Dwarf-Therapist\src\viewmanager.cpp:323] (ViewManager::draw_views)
2019-Mar-21 11:11:37.784 INFO	core	current year: 5 [E:\projects\Dwarf-Therapist\src\dfinstance.cpp:819] (DFInstance::refresh_data)
2019-Mar-21 11:11:37.790 INFO	core	FOUND 6 squads [E:\projects\Dwarf-Therapist\src\dfinstance.cpp:910] (DFInstance::load_squads)
2019-Mar-21 11:11:37.803 INFO	core	using active unit list [E:\projects\Dwarf-Therapist\src\dfinstance.cpp:1001] (DFInstance::get_creatures)
2019-Mar-21 11:11:37.821 INFO	core	"FOUND Dwarf (0x0000015ff9085890) name:Adil Dakostegast id:1051 histfig_id:1344" [E:\projects\Dwarf-Therapist\src\dwarf.cpp:313] (Dwarf::read_data)
2019-Mar-21 11:11:37.825 INFO	core	"FOUND Dwarf (0x0000015ff90880b0) name:Tholtig Reggusil id:1052 histfig_id:1345" [E:\projects\Dwarf-Therapist\src\dwarf.cpp:313] (Dwarf::read_data)
2019-Mar-21 11:11:37.829 INFO	core	"FOUND Dwarf (0x0000015ff908a8d0) name:Asmel Ed?mkodor id:1053 histfig_id:1346" [E:\projects\Dwarf-Therapist\src\dwarf.cpp:313] (Dwarf::read_data)
2019-Mar-21 11:11:37.832 INFO	core	"FOUND Dwarf (0x0000015ff9086ca0) name:Tosid Ducimokil id:1054 histfig_id:1347" [E:\projects\Dwarf-Therapist\src\dwarf.cpp:313] (Dwarf::read_data)
2019-Mar-21 11:11:37.836 INFO	core	"FOUND Dwarf (0x0000015ff90894c0) name:Doren Keskalnikot id:1055 histfig_id:1348" [E:\projects\Dwarf-Therapist\src\dwarf.cpp:313] (Dwarf::read_data)
2019-Mar-21 11:11:37.839 INFO	core	"FOUND Dwarf (0x0000015ff908bce0) name:Sibrek Tostastesh id:1056 histfig_id:1349" [E:\projects\Dwarf-Therapist\src\dwarf.cpp:313] (Dwarf::read_data)
2019-Mar-21 11:11:37.842 INFO	core	"FOUND Dwarf (0x0000015ff9083070) name:Zon Ishlumdumat id:1057 histfig_id:1350" [E:\projects\Dwarf-Therapist\src\dwarf.cpp:313] (Dwarf::read_data)
2019-Mar-21 11:11:37.843 INFO	core	"FOUND Dog (0x0000015ff9084480) name:Dog id:1058 histfig_id:-1" [E:\projects\Dwarf-Therapist\src\dwarf.cpp:313] (Dwarf::read_data)
2019-Mar-21 11:11:37.844 INFO	core	"FOUND Dog (0x0000015ff908d0f0) name:Dog id:1059 histfig_id:-1" [E:\projects\Dwarf-Therapist\src\dwarf.cpp:313] (Dwarf::read_data)
2019-Mar-21 11:11:37.844 INFO	core	"FOUND Dog (0x0000015ff908f910) name:Dog id:1060 histfig_id:-1" [E:\projects\Dwarf-Therapist\src\dwarf.cpp:313] (Dwarf::read_data)
2019-Mar-21 11:11:37.845 INFO	core	"FOUND Dog (0x0000015ff908e500) name:Dog id:1061 histfig_id:-1" [E:\projects\Dwarf-Therapist\src\dwarf.cpp:313] (Dwarf::read_data)
2019-Mar-21 11:11:37.845 INFO	core	"FOUND Dog (0x0000015ff9090d20) name:Dog id:1062 histfig_id:-1" [E:\projects\Dwarf-Therapist\src\dwarf.cpp:313] (Dwarf::read_data)
2019-Mar-21 11:11:37.846 INFO	core	"FOUND Dog (0x0000015fef870060) name:Dog id:1063 histfig_id:-1" [E:\projects\Dwarf-Therapist\src\dwarf.cpp:313] (Dwarf::read_data)
2019-Mar-21 11:11:37.847 INFO	core	"FOUND Dog (0x0000015fef87a0e0) name:Hunting Dog id:1064 histfig_id:-1" [E:\projects\Dwarf-Therapist\src\dwarf.cpp:313] (Dwarf::read_data)
2019-Mar-21 11:11:37.848 INFO	core	"FOUND Cat (0x0000015fef872880) name:Cat id:1065 histfig_id:-1" [E:\projects\Dwarf-Therapist\src\dwarf.cpp:313] (Dwarf::read_data)
2019-Mar-21 11:11:37.849 INFO	core	"FOUND Cat (0x0000015fef8778c0) name:Cat id:1066 histfig_id:-1" [E:\projects\Dwarf-Therapist\src\dwarf.cpp:313] (Dwarf::read_data)
2019-Mar-21 11:11:37.850 INFO	core	"FOUND Sheep (0x0000015fef871470) name:Ewe id:1067 histfig_id:-1" [E:\projects\Dwarf-Therapist\src\dwarf.cpp:313] (Dwarf::read_data)
2019-Mar-21 11:11:37.851 INFO	core	"FOUND Sheep (0x0000015fef87c900) name:Ram id:1068 histfig_id:-1" [E:\projects\Dwarf-Therapist\src\dwarf.cpp:313] (Dwarf::read_data)
2019-Mar-21 11:11:37.852 INFO	core	"FOUND Chicken (0x0000015fef878cd0) name:Hen id:1069 histfig_id:-1" [E:\projects\Dwarf-Therapist\src\dwarf.cpp:313] (Dwarf::read_data)
2019-Mar-21 11:11:37.852 INFO	core	"FOUND Chicken (0x0000015fef87b4f0) name:Hen id:1070 histfig_id:-1" [E:\projects\Dwarf-Therapist\src\dwarf.cpp:313] (Dwarf::read_data)
2019-Mar-21 11:11:37.853 INFO	core	"FOUND Chicken (0x0000015fef873c90) name:Hen id:1071 histfig_id:-1" [E:\projects\Dwarf-Therapist\src\dwarf.cpp:313] (Dwarf::read_data)
2019-Mar-21 11:11:37.853 INFO	core	"FOUND Chicken (0x0000015fef87dd10) name:Hen id:1072 histfig_id:-1" [E:\projects\Dwarf-Therapist\src\dwarf.cpp:313] (Dwarf::read_data)
2019-Mar-21 11:11:37.854 INFO	core	"FOUND Chicken (0x0000015fef8750a0) name:Hen id:1073 histfig_id:-1" [E:\projects\Dwarf-Therapist\src\dwarf.cpp:313] (Dwarf::read_data)
2019-Mar-21 11:11:37.854 INFO	core	"FOUND Chicken (0x0000015fef87f120) name:Hen id:1074 histfig_id:-1" [E:\projects\Dwarf-Therapist\src\dwarf.cpp:313] (Dwarf::read_data)
2019-Mar-21 11:11:37.855 INFO	core	"FOUND Chicken (0x0000015fef8764b0) name:Rooster id:1075 histfig_id:-1" [E:\projects\Dwarf-Therapist\src\dwarf.cpp:313] (Dwarf::read_data)
2019-Mar-21 11:11:37.856 INFO	core	"FOUND Duck (0x0000015fef884160) name:Duck id:1076 histfig_id:-1" [E:\projects\Dwarf-Therapist\src\dwarf.cpp:313] (Dwarf::read_data)
2019-Mar-21 11:11:37.856 INFO	core	"FOUND Duck (0x0000015fef885570) name:Duck id:1077 histfig_id:-1" [E:\projects\Dwarf-Therapist\src\dwarf.cpp:313] (Dwarf::read_data)
2019-Mar-21 11:11:37.857 INFO	core	"FOUND Duck (0x0000015fef886980) name:Drake id:1078 histfig_id:-1" [E:\projects\Dwarf-Therapist\src\dwarf.cpp:313] (Dwarf::read_data)
2019-Mar-21 11:11:37.858 INFO	core	"FOUND Turkey (0x0000015fef881940) name:Turkey Hen id:1079 histfig_id:-1" [E:\projects\Dwarf-Therapist\src\dwarf.cpp:313] (Dwarf::read_data)
2019-Mar-21 11:11:37.858 INFO	core	"FOUND Turkey (0x0000015fef887d90) name:Turkey Hen id:1080 histfig_id:-1" [E:\projects\Dwarf-Therapist\src\dwarf.cpp:313] (Dwarf::read_data)
2019-Mar-21 11:11:37.859 INFO	core	"FOUND Turkey (0x0000015fef8891a0) name:Turkey Hen id:1081 histfig_id:-1" [E:\projects\Dwarf-Therapist\src\dwarf.cpp:313] (Dwarf::read_data)
2019-Mar-21 11:11:37.859 INFO	core	"FOUND Turkey (0x0000015fef880530) name:Turkey Hen id:1082 histfig_id:-1" [E:\projects\Dwarf-Therapist\src\dwarf.cpp:313] (Dwarf::read_data)
2019-Mar-21 11:11:37.860 INFO	core	"FOUND Turkey (0x0000015fef88a5b0) name:Turkey Gobbler id:1083 histfig_id:-1" [E:\projects\Dwarf-Therapist\src\dwarf.cpp:313] (Dwarf::read_data)
2019-Mar-21 11:11:37.861 INFO	core	"FOUND Water buffalo (0x0000015fef882d50) name:Water Buffalo Cow id:1084 histfig_id:-1" [E:\projects\Dwarf-Therapist\src\dwarf.cpp:313] (Dwarf::read_data)
2019-Mar-21 11:11:37.862 INFO	core	"FOUND Mule (0x0000015fef88b9c0) name:Mule id:1085 histfig_id:-1" [E:\projects\Dwarf-Therapist\src\dwarf.cpp:313] (Dwarf::read_data)
2019-Mar-21 11:11:37.864 INFO	core	read 35 units in 56 ms [E:\projects\Dwarf-Therapist\src\dfinstance.cpp:410] (DFInstance::load_dwarves)
2019-Mar-21 11:11:37.891 INFO	core	calculated roles in 27 ms [E:\projects\Dwarf-Therapist\src\dfinstance.cpp:424] (DFInstance::load_dwarves)
2019-Mar-21 11:11:37.891 INFO	core	loaded population data in 0 ms [E:\projects\Dwarf-Therapist\src\dfinstance.cpp:429] (DFInstance::load_dwarves)
2019-Mar-21 11:11:37.904 INFO	core	found 35 units out of 59 creatures [E:\projects\Dwarf-Therapist\src\dfinstance.cpp:443] (DFInstance::load_dwarves)
2019-Mar-21 11:11:37.926 INFO	core	group_by now set to 0  for view  "Labors Full" [E:\projects\Dwarf-Therapist\src\dwarfmodel.cpp:791] (DwarfModel::set_group_by)
2019-Mar-21 11:11:37.956 INFO	core	loaded rows for "Labors Full" 30 ms [E:\projects\Dwarf-Therapist\src\dwarfmodel.cpp:797] (DwarfModel::set_group_by)
2019-Mar-21 11:11:37.961 INFO	core	completed read in 177 ms [E:\projects\Dwarf-Therapist\src\mainwindow.cpp:647] (MainWindow::read_dwarves)
2019-Mar-21 11:11:39.288 INFO	core	current year: 5 [E:\projects\Dwarf-Therapist\src\dfinstance.cpp:819] (DFInstance::refresh_data)
2019-Mar-21 11:11:39.294 INFO	core	FOUND 6 squads [E:\projects\Dwarf-Therapist\src\dfinstance.cpp:910] (DFInstance::load_squads)
2019-Mar-21 11:11:39.297 INFO	core	using active unit list [E:\projects\Dwarf-Therapist\src\dfinstance.cpp:1001] (DFInstance::get_creatures)
2019-Mar-21 11:11:39.306 INFO	core	"FOUND Dwarf (0x0000015ff9085890) name:Adil Dakostegast id:1051 histfig_id:1344" [E:\projects\Dwarf-Therapist\src\dwarf.cpp:313] (Dwarf::read_data)
2019-Mar-21 11:11:39.309 INFO	core	"FOUND Dwarf (0x0000015ff90880b0) name:Tholtig Reggusil id:1052 histfig_id:1345" [E:\projects\Dwarf-Therapist\src\dwarf.cpp:313] (Dwarf::read_data)
2019-Mar-21 11:11:39.311 INFO	core	"FOUND Dwarf (0x0000015ff908a8d0) name:Asmel Ed?mkodor id:1053 histfig_id:1346" [E:\projects\Dwarf-Therapist\src\dwarf.cpp:313] (Dwarf::read_data)
2019-Mar-21 11:11:39.313 INFO	core	"FOUND Dwarf (0x0000015ff9086ca0) name:Tosid Ducimokil id:1054 histfig_id:1347" [E:\projects\Dwarf-Therapist\src\dwarf.cpp:313] (Dwarf::read_data)
2019-Mar-21 11:11:39.316 INFO	core	"FOUND Dwarf (0x0000015ff90894c0) name:Doren Keskalnikot id:1055 histfig_id:1348" [E:\projects\Dwarf-Therapist\src\dwarf.cpp:313] (Dwarf::read_data)
2019-Mar-21 11:11:39.318 INFO	core	"FOUND Dwarf (0x0000015ff908bce0) name:Sibrek Tostastesh id:1056 histfig_id:1349" [E:\projects\Dwarf-Therapist\src\dwarf.cpp:313] (Dwarf::read_data)
2019-Mar-21 11:11:39.320 INFO	core	"FOUND Dwarf (0x0000015ff9083070) name:Zon Ishlumdumat id:1057 histfig_id:1350" [E:\projects\Dwarf-Therapist\src\dwarf.cpp:313] (Dwarf::read_data)
2019-Mar-21 11:11:39.321 INFO	core	"FOUND Dog (0x0000015ff9084480) name:Dog id:1058 histfig_id:-1" [E:\projects\Dwarf-Therapist\src\dwarf.cpp:313] (Dwarf::read_data)
2019-Mar-21 11:11:39.321 INFO	core	"FOUND Dog (0x0000015ff908d0f0) name:Dog id:1059 histfig_id:-1" [E:\projects\Dwarf-Therapist\src\dwarf.cpp:313] (Dwarf::read_data)
2019-Mar-21 11:11:39.322 INFO	core	"FOUND Dog (0x0000015ff908f910) name:Dog id:1060 histfig_id:-1" [E:\projects\Dwarf-Therapist\src\dwarf.cpp:313] (Dwarf::read_data)
2019-Mar-21 11:11:39.322 INFO	core	"FOUND Dog (0x0000015ff908e500) name:Dog id:1061 histfig_id:-1" [E:\projects\Dwarf-Therapist\src\dwarf.cpp:313] (Dwarf::read_data)
2019-Mar-21 11:11:39.323 INFO	core	"FOUND Dog (0x0000015ff9090d20) name:Dog id:1062 histfig_id:-1" [E:\projects\Dwarf-Therapist\src\dwarf.cpp:313] (Dwarf::read_data)
2019-Mar-21 11:11:39.323 INFO	core	"FOUND Dog (0x0000015fef870060) name:Dog id:1063 histfig_id:-1" [E:\projects\Dwarf-Therapist\src\dwarf.cpp:313] (Dwarf::read_data)
2019-Mar-21 11:11:39.324 INFO	core	"FOUND Dog (0x0000015fef87a0e0) name:Hunting Dog id:1064 histfig_id:-1" [E:\projects\Dwarf-Therapist\src\dwarf.cpp:313] (Dwarf::read_data)
2019-Mar-21 11:11:39.324 INFO	core	"FOUND Cat (0x0000015fef872880) name:Cat id:1065 histfig_id:-1" [E:\projects\Dwarf-Therapist\src\dwarf.cpp:313] (Dwarf::read_data)
2019-Mar-21 11:11:39.325 INFO	core	"FOUND Cat (0x0000015fef8778c0) name:Cat id:1066 histfig_id:-1" [E:\projects\Dwarf-Therapist\src\dwarf.cpp:313] (Dwarf::read_data)
2019-Mar-21 11:11:39.326 INFO	core	"FOUND Sheep (0x0000015fef871470) name:Ewe id:1067 histfig_id:-1" [E:\projects\Dwarf-Therapist\src\dwarf.cpp:313] (Dwarf::read_data)
2019-Mar-21 11:11:39.326 INFO	core	"FOUND Sheep (0x0000015fef87c900) name:Ram id:1068 histfig_id:-1" [E:\projects\Dwarf-Therapist\src\dwarf.cpp:313] (Dwarf::read_data)
2019-Mar-21 11:11:39.327 INFO	core	"FOUND Chicken (0x0000015fef878cd0) name:Hen id:1069 histfig_id:-1" [E:\projects\Dwarf-Therapist\src\dwarf.cpp:313] (Dwarf::read_data)
2019-Mar-21 11:11:39.327 INFO	core	"FOUND Chicken (0x0000015fef87b4f0) name:Hen id:1070 histfig_id:-1" [E:\projects\Dwarf-Therapist\src\dwarf.cpp:313] (Dwarf::read_data)
2019-Mar-21 11:11:39.328 INFO	core	"FOUND Chicken (0x0000015fef873c90) name:Hen id:1071 histfig_id:-1" [E:\projects\Dwarf-Therapist\src\dwarf.cpp:313] (Dwarf::read_data)
2019-Mar-21 11:11:39.328 INFO	core	"FOUND Chicken (0x0000015fef87dd10) name:Hen id:1072 histfig_id:-1" [E:\projects\Dwarf-Therapist\src\dwarf.cpp:313] (Dwarf::read_data)
2019-Mar-21 11:11:39.329 INFO	core	"FOUND Chicken (0x0000015fef8750a0) name:Hen id:1073 histfig_id:-1" [E:\projects\Dwarf-Therapist\src\dwarf.cpp:313] (Dwarf::read_data)
2019-Mar-21 11:11:39.329 INFO	core	"FOUND Chicken (0x0000015fef87f120) name:Hen id:1074 histfig_id:-1" [E:\projects\Dwarf-Therapist\src\dwarf.cpp:313] (Dwarf::read_data)
2019-Mar-21 11:11:39.330 INFO	core	"FOUND Chicken (0x0000015fef8764b0) name:Rooster id:1075 histfig_id:-1" [E:\projects\Dwarf-Therapist\src\dwarf.cpp:313] (Dwarf::read_data)
2019-Mar-21 11:11:39.330 INFO	core	"FOUND Duck (0x0000015fef884160) name:Duck id:1076 histfig_id:-1" [E:\projects\Dwarf-Therapist\src\dwarf.cpp:313] (Dwarf::read_data)
2019-Mar-21 11:11:39.331 INFO	core	"FOUND Duck (0x0000015fef885570) name:Duck id:1077 histfig_id:-1" [E:\projects\Dwarf-Therapist\src\dwarf.cpp:313] (Dwarf::read_data)
2019-Mar-21 11:11:39.331 INFO	core	"FOUND Duck (0x0000015fef886980) name:Drake id:1078 histfig_id:-1" [E:\projects\Dwarf-Therapist\src\dwarf.cpp:313] (Dwarf::read_data)
2019-Mar-21 11:11:39.332 INFO	core	"FOUND Turkey (0x0000015fef881940) name:Turkey Hen id:1079 histfig_id:-1" [E:\projects\Dwarf-Therapist\src\dwarf.cpp:313] (Dwarf::read_data)
2019-Mar-21 11:11:39.333 INFO	core	"FOUND Turkey (0x0000015fef887d90) name:Turkey Hen id:1080 histfig_id:-1" [E:\projects\Dwarf-Therapist\src\dwarf.cpp:313] (Dwarf::read_data)
2019-Mar-21 11:11:39.333 INFO	core	"FOUND Turkey (0x0000015fef8891a0) name:Turkey Hen id:1081 histfig_id:-1" [E:\projects\Dwarf-Therapist\src\dwarf.cpp:313] (Dwarf::read_data)
2019-Mar-21 11:11:39.334 INFO	core	"FOUND Turkey (0x0000015fef880530) name:Turkey Hen id:1082 histfig_id:-1" [E:\projects\Dwarf-Therapist\src\dwarf.cpp:313] (Dwarf::read_data)
2019-Mar-21 11:11:39.334 INFO	core	"FOUND Turkey (0x0000015fef88a5b0) name:Turkey Gobbler id:1083 histfig_id:-1" [E:\projects\Dwarf-Therapist\src\dwarf.cpp:313] (Dwarf::read_data)
2019-Mar-21 11:11:39.335 INFO	core	"FOUND Water buffalo (0x0000015fef882d50) name:Water Buffalo Cow id:1084 histfig_id:-1" [E:\projects\Dwarf-Therapist\src\dwarf.cpp:313] (Dwarf::read_data)
2019-Mar-21 11:11:39.335 INFO	core	"FOUND Mule (0x0000015fef88b9c0) name:Mule id:1085 histfig_id:-1" [E:\projects\Dwarf-Therapist\src\dwarf.cpp:313] (Dwarf::read_data)
2019-Mar-21 11:11:39.337 INFO	core	read 35 units in 39 ms [E:\projects\Dwarf-Therapist\src\dfinstance.cpp:410] (DFInstance::load_dwarves)
2019-Mar-21 11:11:39.342 INFO	core	calculated roles in 5 ms [E:\projects\Dwarf-Therapist\src\dfinstance.cpp:424] (DFInstance::load_dwarves)
2019-Mar-21 11:11:39.342 INFO	core	loaded population data in 0 ms [E:\projects\Dwarf-Therapist\src\dfinstance.cpp:429] (DFInstance::load_dwarves)
2019-Mar-21 11:11:39.355 INFO	core	found 35 units out of 59 creatures [E:\projects\Dwarf-Therapist\src\dfinstance.cpp:443] (DFInstance::load_dwarves)
2019-Mar-21 11:11:39.361 INFO	core	group_by now set to 0  for view  "Labors Full" [E:\projects\Dwarf-Therapist\src\dwarfmodel.cpp:791] (DwarfModel::set_group_by)
2019-Mar-21 11:11:39.389 INFO	core	loaded rows for "Labors Full" 28 ms [E:\projects\Dwarf-Therapist\src\dwarfmodel.cpp:797] (DwarfModel::set_group_by)
2019-Mar-21 11:11:39.390 INFO	core	completed read in 104 ms [E:\projects\Dwarf-Therapist\src\mainwindow.cpp:647] (MainWindow::read_dwarves)
2019-Mar-21 11:11:48.223 INFO	core	group_by now set to 0  for view  "Military" [E:\projects\Dwarf-Therapist\src\dwarfmodel.cpp:791] (DwarfModel::set_group_by)
2019-Mar-21 11:11:48.241 INFO	core	loaded rows for "Military" 18 ms [E:\projects\Dwarf-Therapist\src\dwarfmodel.cpp:797] (DwarfModel::set_group_by)
2019-Mar-21 11:11:55.130 INFO	core	group_by now set to 0  for view  "Roles" [E:\projects\Dwarf-Therapist\src\dwarfmodel.cpp:791] (DwarfModel::set_group_by)
2019-Mar-21 11:11:55.150 INFO	core	loaded rows for "Roles" 20 ms [E:\projects\Dwarf-Therapist\src\dwarfmodel.cpp:797] (DwarfModel::set_group_by)
2019-Mar-21 11:12:00.209 INFO	core	group_by now set to 0  for view  "Labors Full" [E:\projects\Dwarf-Therapist\src\dwarfmodel.cpp:791] (DwarfModel::set_group_by)
2019-Mar-21 11:12:00.235 INFO	core	loaded rows for "Labors Full" 26 ms [E:\projects\Dwarf-Therapist\src\dwarfmodel.cpp:797] (DwarfModel::set_group_by)
2019-Mar-21 11:15:49.592 INFO	core	current year: 5 [E:\projects\Dwarf-Therapist\src\dfinstance.cpp:819] (DFInstance::refresh_data)
2019-Mar-21 11:15:49.598 INFO	core	FOUND 6 squads [E:\projects\Dwarf-Therapist\src\dfinstance.cpp:910] (DFInstance::load_squads)
2019-Mar-21 11:15:49.601 INFO	core	using active unit list [E:\projects\Dwarf-Therapist\src\dfinstance.cpp:1001] (DFInstance::get_creatures)
2019-Mar-21 11:15:49.614 INFO	core	"FOUND Dwarf (0x0000015ff9085890) name:Adil Dakostegast id:1051 histfig_id:1344" [E:\projects\Dwarf-Therapist\src\dwarf.cpp:313] (Dwarf::read_data)
2019-Mar-21 11:15:49.616 INFO	core	"FOUND Dwarf (0x0000015ff90880b0) name:Tholtig Reggusil id:1052 histfig_id:1345" [E:\projects\Dwarf-Therapist\src\dwarf.cpp:313] (Dwarf::read_data)
2019-Mar-21 11:15:49.619 INFO	core	"FOUND Dwarf (0x0000015ff908a8d0) name:Asmel Ed?mkodor id:1053 histfig_id:1346" [E:\projects\Dwarf-Therapist\src\dwarf.cpp:313] (Dwarf::read_data)
2019-Mar-21 11:15:49.622 INFO	core	"FOUND Dwarf (0x0000015ff9086ca0) name:Tosid Ducimokil id:1054 histfig_id:1347" [E:\projects\Dwarf-Therapist\src\dwarf.cpp:313] (Dwarf::read_data)
2019-Mar-21 11:15:49.624 INFO	core	"FOUND Dwarf (0x0000015ff90894c0) name:Doren Keskalnikot id:1055 histfig_id:1348" [E:\projects\Dwarf-Therapist\src\dwarf.cpp:313] (Dwarf::read_data)
2019-Mar-21 11:15:49.627 INFO	core	"FOUND Dwarf (0x0000015ff908bce0) name:Sibrek Tostastesh id:1056 histfig_id:1349" [E:\projects\Dwarf-Therapist\src\dwarf.cpp:313] (Dwarf::read_data)
2019-Mar-21 11:15:49.630 INFO	core	"FOUND Dwarf (0x0000015ff9083070) name:Zon Ishlumdumat id:1057 histfig_id:1350" [E:\projects\Dwarf-Therapist\src\dwarf.cpp:313] (Dwarf::read_data)
2019-Mar-21 11:15:49.630 INFO	core	"FOUND Dog (0x0000015ff9084480) name:Dog id:1058 histfig_id:-1" [E:\projects\Dwarf-Therapist\src\dwarf.cpp:313] (Dwarf::read_data)
2019-Mar-21 11:15:49.631 INFO	core	"FOUND Dog (0x0000015ff908d0f0) name:Dog id:1059 histfig_id:-1" [E:\projects\Dwarf-Therapist\src\dwarf.cpp:313] (Dwarf::read_data)
2019-Mar-21 11:15:49.631 INFO	core	"FOUND Dog (0x0000015ff908f910) name:Dog id:1060 histfig_id:-1" [E:\projects\Dwarf-Therapist\src\dwarf.cpp:313] (Dwarf::read_data)
2019-Mar-21 11:15:49.632 INFO	core	"FOUND Dog (0x0000015ff908e500) name:Dog id:1061 histfig_id:-1" [E:\projects\Dwarf-Therapist\src\dwarf.cpp:313] (Dwarf::read_data)
2019-Mar-21 11:15:49.632 INFO	core	"FOUND Dog (0x0000015ff9090d20) name:Dog id:1062 histfig_id:-1" [E:\projects\Dwarf-Therapist\src\dwarf.cpp:313] (Dwarf::read_data)
2019-Mar-21 11:15:49.633 INFO	core	"FOUND Dog (0x0000015fef870060) name:Dog id:1063 histfig_id:-1" [E:\projects\Dwarf-Therapist\src\dwarf.cpp:313] (Dwarf::read_data)
2019-Mar-21 11:15:49.633 INFO	core	"FOUND Dog (0x0000015fef87a0e0) name:Hunting Dog id:1064 histfig_id:-1" [E:\projects\Dwarf-Therapist\src\dwarf.cpp:313] (Dwarf::read_data)
2019-Mar-21 11:15:49.634 INFO	core	"FOUND Cat (0x0000015fef872880) name:Cat id:1065 histfig_id:-1" [E:\projects\Dwarf-Therapist\src\dwarf.cpp:313] (Dwarf::read_data)
2019-Mar-21 11:15:49.635 INFO	core	"FOUND Cat (0x0000015fef8778c0) name:Cat id:1066 histfig_id:-1" [E:\projects\Dwarf-Therapist\src\dwarf.cpp:313] (Dwarf::read_data)
2019-Mar-21 11:15:49.635 INFO	core	"FOUND Sheep (0x0000015fef871470) name:Ewe id:1067 histfig_id:-1" [E:\projects\Dwarf-Therapist\src\dwarf.cpp:313] (Dwarf::read_data)
2019-Mar-21 11:15:49.636 INFO	core	"FOUND Sheep (0x0000015fef87c900) name:Ram id:1068 histfig_id:-1" [E:\projects\Dwarf-Therapist\src\dwarf.cpp:313] (Dwarf::read_data)
2019-Mar-21 11:15:49.636 INFO	core	"FOUND Chicken (0x0000015fef878cd0) name:Hen id:1069 histfig_id:-1" [E:\projects\Dwarf-Therapist\src\dwarf.cpp:313] (Dwarf::read_data)
2019-Mar-21 11:15:49.637 INFO	core	"FOUND Chicken (0x0000015fef87b4f0) name:Hen id:1070 histfig_id:-1" [E:\projects\Dwarf-Therapist\src\dwarf.cpp:313] (Dwarf::read_data)
2019-Mar-21 11:15:49.638 INFO	core	"FOUND Chicken (0x0000015fef873c90) name:Hen id:1071 histfig_id:-1" [E:\projects\Dwarf-Therapist\src\dwarf.cpp:313] (Dwarf::read_data)
2019-Mar-21 11:15:49.638 INFO	core	"FOUND Chicken (0x0000015fef87dd10) name:Hen id:1072 histfig_id:-1" [E:\projects\Dwarf-Therapist\src\dwarf.cpp:313] (Dwarf::read_data)
2019-Mar-21 11:15:49.639 INFO	core	"FOUND Chicken (0x0000015fef8750a0) name:Hen id:1073 histfig_id:-1" [E:\projects\Dwarf-Therapist\src\dwarf.cpp:313] (Dwarf::read_data)
2019-Mar-21 11:15:49.639 INFO	core	"FOUND Chicken (0x0000015fef87f120) name:Hen id:1074 histfig_id:-1" [E:\projects\Dwarf-Therapist\src\dwarf.cpp:313] (Dwarf::read_data)
2019-Mar-21 11:15:49.640 INFO	core	"FOUND Chicken (0x0000015fef8764b0) name:Rooster id:1075 histfig_id:-1" [E:\projects\Dwarf-Therapist\src\dwarf.cpp:313] (Dwarf::read_data)
2019-Mar-21 11:15:49.640 INFO	core	"FOUND Duck (0x0000015fef884160) name:Duck id:1076 histfig_id:-1" [E:\projects\Dwarf-Therapist\src\dwarf.cpp:313] (Dwarf::read_data)
2019-Mar-21 11:15:49.641 INFO	core	"FOUND Duck (0x0000015fef885570) name:Duck id:1077 histfig_id:-1" [E:\projects\Dwarf-Therapist\src\dwarf.cpp:313] (Dwarf::read_data)
2019-Mar-21 11:15:49.642 INFO	core	"FOUND Duck (0x0000015fef886980) name:Drake id:1078 histfig_id:-1" [E:\projects\Dwarf-Therapist\src\dwarf.cpp:313] (Dwarf::read_data)
2019-Mar-21 11:15:49.642 INFO	core	"FOUND Turkey (0x0000015fef881940) name:Turkey Hen id:1079 histfig_id:-1" [E:\projects\Dwarf-Therapist\src\dwarf.cpp:313] (Dwarf::read_data)
2019-Mar-21 11:15:49.643 INFO	core	"FOUND Turkey (0x0000015fef887d90) name:Turkey Hen id:1080 histfig_id:-1" [E:\projects\Dwarf-Therapist\src\dwarf.cpp:313] (Dwarf::read_data)
2019-Mar-21 11:15:49.643 INFO	core	"FOUND Turkey (0x0000015fef8891a0) name:Turkey Hen id:1081 histfig_id:-1" [E:\projects\Dwarf-Therapist\src\dwarf.cpp:313] (Dwarf::read_data)
2019-Mar-21 11:15:49.644 INFO	core	"FOUND Turkey (0x0000015fef880530) name:Turkey Hen id:1082 histfig_id:-1" [E:\projects\Dwarf-Therapist\src\dwarf.cpp:313] (Dwarf::read_data)
2019-Mar-21 11:15:49.644 INFO	core	"FOUND Turkey (0x0000015fef88a5b0) name:Turkey Gobbler id:1083 histfig_id:-1" [E:\projects\Dwarf-Therapist\src\dwarf.cpp:313] (Dwarf::read_data)
2019-Mar-21 11:15:49.645 INFO	core	"FOUND Water buffalo (0x0000015fef882d50) name:Water Buffalo Cow id:1084 histfig_id:-1" [E:\projects\Dwarf-Therapist\src\dwarf.cpp:313] (Dwarf::read_data)
2019-Mar-21 11:15:49.646 INFO	core	"FOUND Mule (0x0000015fef88b9c0) name:Mule id:1085 histfig_id:-1" [E:\projects\Dwarf-Therapist\src\dwarf.cpp:313] (Dwarf::read_data)
2019-Mar-21 11:15:49.648 INFO	core	read 35 units in 45 ms [E:\projects\Dwarf-Therapist\src\dfinstance.cpp:410] (DFInstance::load_dwarves)
2019-Mar-21 11:15:49.652 INFO	core	calculated roles in 4 ms [E:\projects\Dwarf-Therapist\src\dfinstance.cpp:424] (DFInstance::load_dwarves)
2019-Mar-21 11:15:49.652 INFO	core	loaded population data in 0 ms [E:\projects\Dwarf-Therapist\src\dfinstance.cpp:429] (DFInstance::load_dwarves)
2019-Mar-21 11:15:49.667 INFO	core	found 35 units out of 59 creatures [E:\projects\Dwarf-Therapist\src\dfinstance.cpp:443] (DFInstance::load_dwarves)
2019-Mar-21 11:15:49.673 INFO	core	group_by now set to 0  for view  "Labors Full" [E:\projects\Dwarf-Therapist\src\dwarfmodel.cpp:791] (DwarfModel::set_group_by)
2019-Mar-21 11:15:49.698 INFO	core	loaded rows for "Labors Full" 25 ms [E:\projects\Dwarf-Therapist\src\dwarfmodel.cpp:797] (DwarfModel::set_group_by)
2019-Mar-21 11:15:49.699 INFO	core	completed read in 108 ms [E:\projects\Dwarf-Therapist\src\mainwindow.cpp:647] (MainWindow::read_dwarves)
2019-Mar-21 11:53:40.347 WARNING	core	lost connection to DF [E:\projects\Dwarf-Therapist\src\mainwindow.cpp:487] (MainWindow::lost_df_connection)
2019-Mar-21 11:53:40.378 INFO	core	group_by now set to 0  for view  "Labors Full" [E:\projects\Dwarf-Therapist\src\dwarfmodel.cpp:791] (DwarfModel::set_group_by)
2019-Mar-21 11:53:40.406 INFO	core	loaded rows for "Labors Full" 28 ms [E:\projects\Dwarf-Therapist\src\dwarfmodel.cpp:797] (DwarfModel::set_group_by)
2019-Mar-21 11:53:40.417 ERROR	core	("No Game Loaded", "A fort has not been loaded.", "", "") [E:\projects\Dwarf-Therapist\src\mainwindow.cpp:510] (MainWindow::lost_df_connection)
2019-Mar-21 11:53:47.071 INFO	core	Beginning shutdown [E:\projects\Dwarf-Therapist\src\mainwindow.cpp:400] (MainWindow::closeEvent)
2019-Mar-21 11:53:47.071 INFO	core	beginning to write settings [E:\projects\Dwarf-Therapist\src\mainwindow.cpp:377] (MainWindow::write_settings)
2019-Mar-21 11:53:47.073 INFO	core	finished writing settings [E:\projects\Dwarf-Therapist\src\mainwindow.cpp:395] (MainWindow::write_settings)
2019-Mar-21 11:53:47.073 INFO	core	Closing Dwarf Therapist normally [E:\projects\Dwarf-Therapist\src\mainwindow.cpp:406] (MainWindow::closeEvent)
